#
# There is insufficient memory for the Java Runtime Environment to continue.
# Native memory allocation (malloc) failed to allocate 32744 bytes for ChunkPool::allocate
# Possible reasons:
#   The system is out of physical RAM or swap space
#   The process is running with CompressedOops enabled, and the Java Heap may be blocking the growth of the native heap
# Possible solutions:
#   Reduce memory load on the system
#   Increase physical memory or swap space
#   Check if swap backing store is full
#   Decrease Java heap size (-Xmx/-Xms)
#   Decrease number of Java threads
#   Decrease Java thread stack sizes (-Xss)
#   Set larger code cache with -XX:ReservedCodeCacheSize=
#   JVM is running with Unscaled Compressed Oops mode in which the Java heap is
#     placed in the first 4GB address space. The Java Heap base address is the
#     maximum limit for the native heap growth. Please use -XX:HeapBaseMinAddress
#     to set the Java Heap base and to place the Java Heap above 4GB virtual address.
# This output file may be truncated or incomplete.
#
#  Out of Memory Error (./src/hotspot/share/memory/arena.cpp:81), pid=16192, tid=11656
#
# JRE version: OpenJDK Runtime Environment Temurin-11.0.14.1+1 (11.0.14.1+1) (build 11.0.14.1+1)
# Java VM: OpenJDK 64-Bit Server VM Temurin-11.0.14.1+1 (11.0.14.1+1, mixed mode, tiered, compressed oops, g1 gc, windows-amd64)
# No core dump will be written. Minidumps are not enabled by default on client versions of Windows
#

---------------  S U M M A R Y ------------

Command Line: -Dfile.encoding=UTF-8 -Dcom.android.sdklib.toolsdir=C:\Program Files\Unity\Hub\Editor\2022.2.4f1\Editor\Data\PlaybackEngines\AndroidPlayer\SDK\cmdline-tools\6.0\bin\\.. com.android.sdklib.tool.sdkmanager.SdkManagerCli --list

Host: Intel(R) Core(TM) i5-9300H CPU @ 2.40GHz, 8 cores, 6G,  Windows 10 , 64 bit Build 18362 (10.0.18362.1350)
Time: Wed Jun 21 23:59:24 2023 Egypt Standard Time elapsed time: 0.369582 seconds (0d 0h 0m 0s)

---------------  T H R E A D  ---------------

Current thread (0x000002223ecff800):  JavaThread "main" [_thread_in_vm, id=11656, stack(0x0000003062200000,0x0000003062300000)]

Stack: [0x0000003062200000,0x0000003062300000]
Native frames: (J=compiled Java code, j=interpreted, Vv=VM code, C=native code)
V  [jvm.dll+0x61e59a]
V  [jvm.dll+0x7aaca9]
V  [jvm.dll+0x7ac398]
V  [jvm.dll+0x7aca73]
V  [jvm.dll+0x24f9b8]
V  [jvm.dll+0xc286b]
V  [jvm.dll+0xc2bcc]
V  [jvm.dll+0xbb15d]
V  [jvm.dll+0x1c6f33]
V  [jvm.dll+0x1c645e]
V  [jvm.dll+0x4f31c2]
V  [jvm.dll+0x743619]
V  [jvm.dll+0x3f4268]
V  [jvm.dll+0x3fa55b]
C  [java.dll+0x19bc]

Java frames: (J=compiled Java code, j=interpreted, Vv=VM code)
j  java.lang.ClassLoader.defineClass1(Ljava/lang/ClassLoader;Ljava/lang/String;[BIILjava/security/ProtectionDomain;Ljava/lang/String;)Ljava/lang/Class;+0 java.base@11.0.14.1
j  java.lang.ClassLoader.defineClass(Ljava/lang/String;[BIILjava/security/ProtectionDomain;)Ljava/lang/Class;+27 java.base@11.0.14.1
j  java.security.SecureClassLoader.defineClass(Ljava/lang/String;[BIILjava/security/CodeSource;)Ljava/lang/Class;+12 java.base@11.0.14.1
j  jdk.internal.loader.BuiltinClassLoader.defineClass(Ljava/lang/String;Ljdk/internal/loader/Resource;)Ljava/lang/Class;+117 java.base@11.0.14.1
j  jdk.internal.loader.BuiltinClassLoader.findClassOnClassPathOrNull(Ljava/lang/String;)Ljava/lang/Class;+37 java.base@11.0.14.1
J 379 c1 jdk.internal.loader.BuiltinClassLoader.loadClassOrNull(Ljava/lang/String;Z)Ljava/lang/Class; java.base@11.0.14.1 (143 bytes) @ 0x00000222491f9e8c [0x00000222491f8d80+0x000000000000110c]
j  jdk.internal.loader.BuiltinClassLoader.loadClass(Ljava/lang/String;Z)Ljava/lang/Class;+3 java.base@11.0.14.1
j  jdk.internal.loader.ClassLoaders$AppClassLoader.loadClass(Ljava/lang/String;Z)Ljava/lang/Class;+36 java.base@11.0.14.1
j  java.lang.ClassLoader.loadClass(Ljava/lang/String;)Ljava/lang/Class;+3 java.base@11.0.14.1
v  ~StubRoutines::call_stub
j  java.lang.ClassLoader.defineClass1(Ljava/lang/ClassLoader;Ljava/lang/String;[BIILjava/security/ProtectionDomain;Ljava/lang/String;)Ljava/lang/Class;+0 java.base@11.0.14.1
j  java.lang.ClassLoader.defineClass(Ljava/lang/String;[BIILjava/security/ProtectionDomain;)Ljava/lang/Class;+27 java.base@11.0.14.1
j  java.security.SecureClassLoader.defineClass(Ljava/lang/String;[BIILjava/security/CodeSource;)Ljava/lang/Class;+12 java.base@11.0.14.1
j  jdk.internal.loader.BuiltinClassLoader.defineClass(Ljava/lang/String;Ljdk/internal/loader/Resource;)Ljava/lang/Class;+117 java.base@11.0.14.1
j  jdk.internal.loader.BuiltinClassLoader.findClassOnClassPathOrNull(Ljava/lang/String;)Ljava/lang/Class;+37 java.base@11.0.14.1
J 379 c1 jdk.internal.loader.BuiltinClassLoader.loadClassOrNull(Ljava/lang/String;Z)Ljava/lang/Class; java.base@11.0.14.1 (143 bytes) @ 0x00000222491f9e8c [0x00000222491f8d80+0x000000000000110c]
j  jdk.internal.loader.BuiltinClassLoader.loadClass(Ljava/lang/String;Z)Ljava/lang/Class;+3 java.base@11.0.14.1
j  jdk.internal.loader.ClassLoaders$AppClassLoader.loadClass(Ljava/lang/String;Z)Ljava/lang/Class;+36 java.base@11.0.14.1
j  java.lang.ClassLoader.loadClass(Ljava/lang/String;)Ljava/lang/Class;+3 java.base@11.0.14.1
v  ~StubRoutines::call_stub
j  com.google.common.collect.ImmutableMap$Builder.build()Lcom/google/common/collect/ImmutableMap;+131
j  com.android.sdklib.repository.AndroidSdkHandler$RepoConfig.<init>(Lcom/android/repository/api/ProgressIndicator;)V+54
j  com.android.sdklib.repository.AndroidSdkHandler.getRepoConfig(Lcom/android/repository/api/ProgressIndicator;)Lcom/android/sdklib/repository/AndroidSdkHandler$RepoConfig;+11
j  com.android.sdklib.repository.AndroidSdkHandler.getSdkManager(Lcom/android/repository/api/ProgressIndicator;)Lcom/android/repository/api/RepoManager;+31
j  com.android.sdklib.tool.sdkmanager.SdkManagerCliSettings.setSdkHandler(Lcom/android/sdklib/repository/AndroidSdkHandler;)V+30
j  com.android.sdklib.tool.sdkmanager.SdkManagerCli.<init>(Lcom/android/sdklib/tool/sdkmanager/SdkManagerCliSettings;Ljava/io/PrintStream;Ljava/io/InputStream;Lcom/android/repository/api/Downloader;Lcom/android/sdklib/repository/AndroidSdkHandler;)V+40
j  com.android.sdklib.tool.sdkmanager.SdkManagerCli.main(Ljava/util/List;)V+149
j  com.android.sdklib.tool.sdkmanager.SdkManagerCli.main([Ljava/lang/String;)V+4
v  ~StubRoutines::call_stub

---------------  P R O C E S S  ---------------

Threads class SMR info:
_java_thread_list=0x000002225f6b1260, length=10, elements={
0x000002223ecff800, 0x000002225ebcb800, 0x000002225ebd5800, 0x000002225f562800,
0x000002225ebe9800, 0x000002225ebee000, 0x000002225ebfa000, 0x000002225ebfc800,
0x000002225ebfe000, 0x000002225f6d6800
}

Java Threads: ( => current thread )
=>0x000002223ecff800 JavaThread "main" [_thread_in_vm, id=11656, stack(0x0000003062200000,0x0000003062300000)]
  0x000002225ebcb800 JavaThread "Reference Handler" daemon [_thread_blocked, id=14004, stack(0x0000003062900000,0x0000003062a00000)]
  0x000002225ebd5800 JavaThread "Finalizer" daemon [_thread_blocked, id=13596, stack(0x0000003062a00000,0x0000003062b00000)]
  0x000002225f562800 JavaThread "Signal Dispatcher" daemon [_thread_blocked, id=15780, stack(0x0000003062b00000,0x0000003062c00000)]
  0x000002225ebe9800 JavaThread "Attach Listener" daemon [_thread_blocked, id=11176, stack(0x0000003062c00000,0x0000003062d00000)]
  0x000002225ebee000 JavaThread "Service Thread" daemon [_thread_blocked, id=18212, stack(0x0000003062d00000,0x0000003062e00000)]
  0x000002225ebfa000 JavaThread "C2 CompilerThread0" daemon [_thread_blocked, id=11640, stack(0x0000003062e00000,0x0000003062f00000)]
  0x000002225ebfc800 JavaThread "C1 CompilerThread0" daemon [_thread_in_native, id=13076, stack(0x0000003062f00000,0x0000003063000000)]
  0x000002225ebfe000 JavaThread "Sweeper thread" daemon [_thread_blocked, id=14848, stack(0x0000003063000000,0x0000003063100000)]
  0x000002225f6d6800 JavaThread "Common-Cleaner" daemon [_thread_blocked, id=18368, stack(0x0000003063200000,0x0000003063300000)]

Other Threads:
  0x000002225eba8800 VMThread "VM Thread" [stack: 0x0000003062800000,0x0000003062900000] [id=17500]
  0x000002225f6ce800 WatcherThread [stack: 0x0000003063100000,0x0000003063200000] [id=4300]
  0x000002223ed16000 GCTaskThread "GC Thread#0" [stack: 0x0000003062300000,0x0000003062400000] [id=15976]
  0x000002223ed3c800 ConcurrentGCThread "G1 Main Marker" [stack: 0x0000003062400000,0x0000003062500000] [id=14200]
  0x000002223ed40000 ConcurrentGCThread "G1 Conc#0" [stack: 0x0000003062500000,0x0000003062600000] [id=13340]
  0x000002223edcd800 ConcurrentGCThread "G1 Refine#0" [stack: 0x0000003062600000,0x0000003062700000] [id=15540]
  0x000002225ea10800 ConcurrentGCThread "G1 Young RemSet Sampling" [stack: 0x0000003062700000,0x0000003062800000] [id=15512]

Threads with active compile tasks:
C1 CompilerThread0    406  416   !   3       java.net.URL::<init> (543 bytes)

VM state:not at safepoint (normal execution)

VM Mutex/Monitor currently owned by a thread: None

OutOfMemory and StackOverflow Exception counts:
OutOfMemoryError java_heap_errors=2

Heap address: 0x000000009d600000, size: 1578 MB, Compressed Oops mode: 32-bit
Narrow klass base: 0x0000000000000000, Narrow klass shift: 3
Compressed class space size: 1073741824 Address: 0x0000000100000000

Heap:
 garbage-first heap   total 102400K, used 9216K [0x000000009d600000, 0x0000000100000000)
  region size 1024K, 9 young (9216K), 0 survivors (0K)
 Metaspace       used 7375K, capacity 7537K, committed 7680K, reserved 1067008K
  class space    used 671K, capacity 741K, committed 768K, reserved 1048576K
Heap Regions: E=young(eden), S=young(survivor), O=old, HS=humongous(starts), HC=humongous(continues), CS=collection set, F=free, A=archive, TAMS=top-at-mark-start (previous, next)
|   0|0x000000009d600000, 0x000000009d700000, 0x000000009d700000|100%|HS|  |TAMS 0x000000009d600000, 0x000000009d600000| Complete 
|   1|0x000000009d700000, 0x000000009d800000, 0x000000009d800000|100%|HS|  |TAMS 0x000000009d700000, 0x000000009d700000| Complete 
|   2|0x000000009d800000, 0x000000009d800000, 0x000000009d900000|  0%| F|  |TAMS 0x000000009d800000, 0x000000009d800000| Untracked 
|   3|0x000000009d900000, 0x000000009d900000, 0x000000009da00000|  0%| F|  |TAMS 0x000000009d900000, 0x000000009d900000| Untracked 
|   4|0x000000009da00000, 0x000000009da00000, 0x000000009db00000|  0%| F|  |TAMS 0x000000009da00000, 0x000000009da00000| Untracked 
|   5|0x000000009db00000, 0x000000009db00000, 0x000000009dc00000|  0%| F|  |TAMS 0x000000009db00000, 0x000000009db00000| Untracked 
|   6|0x000000009dc00000, 0x000000009dc00000, 0x000000009dd00000|  0%| F|  |TAMS 0x000000009dc00000, 0x000000009dc00000| Untracked 
|   7|0x000000009dd00000, 0x000000009dd00000, 0x000000009de00000|  0%| F|  |TAMS 0x000000009dd00000, 0x000000009dd00000| Untracked 
|   8|0x000000009de00000, 0x000000009de00000, 0x000000009df00000|  0%| F|  |TAMS 0x000000009de00000, 0x000000009de00000| Untracked 
|   9|0x000000009df00000, 0x000000009df00000, 0x000000009e000000|  0%| F|  |TAMS 0x000000009df00000, 0x000000009df00000| Untracked 
|  10|0x000000009e000000, 0x000000009e000000, 0x000000009e100000|  0%| F|  |TAMS 0x000000009e000000, 0x000000009e000000| Untracked 
|  11|0x000000009e100000, 0x000000009e100000, 0x000000009e200000|  0%| F|  |TAMS 0x000000009e100000, 0x000000009e100000| Untracked 
|  12|0x000000009e200000, 0x000000009e200000, 0x000000009e300000|  0%| F|  |TAMS 0x000000009e200000, 0x000000009e200000| Untracked 
|  13|0x000000009e300000, 0x000000009e300000, 0x000000009e400000|  0%| F|  |TAMS 0x000000009e300000, 0x000000009e300000| Untracked 
|  14|0x000000009e400000, 0x000000009e400000, 0x000000009e500000|  0%| F|  |TAMS 0x000000009e400000, 0x000000009e400000| Untracked 
|  15|0x000000009e500000, 0x000000009e500000, 0x000000009e600000|  0%| F|  |TAMS 0x000000009e500000, 0x000000009e500000| Untracked 
|  16|0x000000009e600000, 0x000000009e600000, 0x000000009e700000|  0%| F|  |TAMS 0x000000009e600000, 0x000000009e600000| Untracked 
|  17|0x000000009e700000, 0x000000009e700000, 0x000000009e800000|  0%| F|  |TAMS 0x000000009e700000, 0x000000009e700000| Untracked 
|  18|0x000000009e800000, 0x000000009e800000, 0x000000009e900000|  0%| F|  |TAMS 0x000000009e800000, 0x000000009e800000| Untracked 
|  19|0x000000009e900000, 0x000000009e900000, 0x000000009ea00000|  0%| F|  |TAMS 0x000000009e900000, 0x000000009e900000| Untracked 
|  20|0x000000009ea00000, 0x000000009ea00000, 0x000000009eb00000|  0%| F|  |TAMS 0x000000009ea00000, 0x000000009ea00000| Untracked 
|  21|0x000000009eb00000, 0x000000009eb00000, 0x000000009ec00000|  0%| F|  |TAMS 0x000000009eb00000, 0x000000009eb00000| Untracked 
|  22|0x000000009ec00000, 0x000000009ec00000, 0x000000009ed00000|  0%| F|  |TAMS 0x000000009ec00000, 0x000000009ec00000| Untracked 
|  23|0x000000009ed00000, 0x000000009ed00000, 0x000000009ee00000|  0%| F|  |TAMS 0x000000009ed00000, 0x000000009ed00000| Untracked 
|  24|0x000000009ee00000, 0x000000009ee00000, 0x000000009ef00000|  0%| F|  |TAMS 0x000000009ee00000, 0x000000009ee00000| Untracked 
|  25|0x000000009ef00000, 0x000000009ef00000, 0x000000009f000000|  0%| F|  |TAMS 0x000000009ef00000, 0x000000009ef00000| Untracked 
|  26|0x000000009f000000, 0x000000009f000000, 0x000000009f100000|  0%| F|  |TAMS 0x000000009f000000, 0x000000009f000000| Untracked 
|  27|0x000000009f100000, 0x000000009f100000, 0x000000009f200000|  0%| F|  |TAMS 0x000000009f100000, 0x000000009f100000| Untracked 
|  28|0x000000009f200000, 0x000000009f200000, 0x000000009f300000|  0%| F|  |TAMS 0x000000009f200000, 0x000000009f200000| Untracked 
|  29|0x000000009f300000, 0x000000009f300000, 0x000000009f400000|  0%| F|  |TAMS 0x000000009f300000, 0x000000009f300000| Untracked 
|  30|0x000000009f400000, 0x000000009f400000, 0x000000009f500000|  0%| F|  |TAMS 0x000000009f400000, 0x000000009f400000| Untracked 
|  31|0x000000009f500000, 0x000000009f500000, 0x000000009f600000|  0%| F|  |TAMS 0x000000009f500000, 0x000000009f500000| Untracked 
|  32|0x000000009f600000, 0x000000009f600000, 0x000000009f700000|  0%| F|  |TAMS 0x000000009f600000, 0x000000009f600000| Untracked 
|  33|0x000000009f700000, 0x000000009f700000, 0x000000009f800000|  0%| F|  |TAMS 0x000000009f700000, 0x000000009f700000| Untracked 
|  34|0x000000009f800000, 0x000000009f800000, 0x000000009f900000|  0%| F|  |TAMS 0x000000009f800000, 0x000000009f800000| Untracked 
|  35|0x000000009f900000, 0x000000009f900000, 0x000000009fa00000|  0%| F|  |TAMS 0x000000009f900000, 0x000000009f900000| Untracked 
|  36|0x000000009fa00000, 0x000000009fa00000, 0x000000009fb00000|  0%| F|  |TAMS 0x000000009fa00000, 0x000000009fa00000| Untracked 
|  37|0x000000009fb00000, 0x000000009fb00000, 0x000000009fc00000|  0%| F|  |TAMS 0x000000009fb00000, 0x000000009fb00000| Untracked 
|  38|0x000000009fc00000, 0x000000009fc00000, 0x000000009fd00000|  0%| F|  |TAMS 0x000000009fc00000, 0x000000009fc00000| Untracked 
|  39|0x000000009fd00000, 0x000000009fd00000, 0x000000009fe00000|  0%| F|  |TAMS 0x000000009fd00000, 0x000000009fd00000| Untracked 
|  40|0x000000009fe00000, 0x000000009fe00000, 0x000000009ff00000|  0%| F|  |TAMS 0x000000009fe00000, 0x000000009fe00000| Untracked 
|  41|0x000000009ff00000, 0x000000009ff00000, 0x00000000a0000000|  0%| F|  |TAMS 0x000000009ff00000, 0x000000009ff00000| Untracked 
|  42|0x00000000a0000000, 0x00000000a0000000, 0x00000000a0100000|  0%| F|  |TAMS 0x00000000a0000000, 0x00000000a0000000| Untracked 
|  43|0x00000000a0100000, 0x00000000a0100000, 0x00000000a0200000|  0%| F|  |TAMS 0x00000000a0100000, 0x00000000a0100000| Untracked 
|  44|0x00000000a0200000, 0x00000000a0200000, 0x00000000a0300000|  0%| F|  |TAMS 0x00000000a0200000, 0x00000000a0200000| Untracked 
|  45|0x00000000a0300000, 0x00000000a0300000, 0x00000000a0400000|  0%| F|  |TAMS 0x00000000a0300000, 0x00000000a0300000| Untracked 
|  46|0x00000000a0400000, 0x00000000a0400000, 0x00000000a0500000|  0%| F|  |TAMS 0x00000000a0400000, 0x00000000a0400000| Untracked 
|  47|0x00000000a0500000, 0x00000000a0500000, 0x00000000a0600000|  0%| F|  |TAMS 0x00000000a0500000, 0x00000000a0500000| Untracked 
|  48|0x00000000a0600000, 0x00000000a0600000, 0x00000000a0700000|  0%| F|  |TAMS 0x00000000a0600000, 0x00000000a0600000| Untracked 
|  49|0x00000000a0700000, 0x00000000a0700000, 0x00000000a0800000|  0%| F|  |TAMS 0x00000000a0700000, 0x00000000a0700000| Untracked 
|  50|0x00000000a0800000, 0x00000000a0800000, 0x00000000a0900000|  0%| F|  |TAMS 0x00000000a0800000, 0x00000000a0800000| Untracked 
|  51|0x00000000a0900000, 0x00000000a0900000, 0x00000000a0a00000|  0%| F|  |TAMS 0x00000000a0900000, 0x00000000a0900000| Untracked 
|  52|0x00000000a0a00000, 0x00000000a0a00000, 0x00000000a0b00000|  0%| F|  |TAMS 0x00000000a0a00000, 0x00000000a0a00000| Untracked 
|  53|0x00000000a0b00000, 0x00000000a0b00000, 0x00000000a0c00000|  0%| F|  |TAMS 0x00000000a0b00000, 0x00000000a0b00000| Untracked 
|  54|0x00000000a0c00000, 0x00000000a0c00000, 0x00000000a0d00000|  0%| F|  |TAMS 0x00000000a0c00000, 0x00000000a0c00000| Untracked 
|  55|0x00000000a0d00000, 0x00000000a0d00000, 0x00000000a0e00000|  0%| F|  |TAMS 0x00000000a0d00000, 0x00000000a0d00000| Untracked 
|  56|0x00000000a0e00000, 0x00000000a0e00000, 0x00000000a0f00000|  0%| F|  |TAMS 0x00000000a0e00000, 0x00000000a0e00000| Untracked 
|  57|0x00000000a0f00000, 0x00000000a0f00000, 0x00000000a1000000|  0%| F|  |TAMS 0x00000000a0f00000, 0x00000000a0f00000| Untracked 
|  58|0x00000000a1000000, 0x00000000a1000000, 0x00000000a1100000|  0%| F|  |TAMS 0x00000000a1000000, 0x00000000a1000000| Untracked 
|  59|0x00000000a1100000, 0x00000000a1100000, 0x00000000a1200000|  0%| F|  |TAMS 0x00000000a1100000, 0x00000000a1100000| Untracked 
|  60|0x00000000a1200000, 0x00000000a1200000, 0x00000000a1300000|  0%| F|  |TAMS 0x00000000a1200000, 0x00000000a1200000| Untracked 
|  61|0x00000000a1300000, 0x00000000a1300000, 0x00000000a1400000|  0%| F|  |TAMS 0x00000000a1300000, 0x00000000a1300000| Untracked 
|  62|0x00000000a1400000, 0x00000000a1400000, 0x00000000a1500000|  0%| F|  |TAMS 0x00000000a1400000, 0x00000000a1400000| Untracked 
|  63|0x00000000a1500000, 0x00000000a1500000, 0x00000000a1600000|  0%| F|  |TAMS 0x00000000a1500000, 0x00000000a1500000| Untracked 
|  64|0x00000000a1600000, 0x00000000a1600000, 0x00000000a1700000|  0%| F|  |TAMS 0x00000000a1600000, 0x00000000a1600000| Untracked 
|  65|0x00000000a1700000, 0x00000000a1700000, 0x00000000a1800000|  0%| F|  |TAMS 0x00000000a1700000, 0x00000000a1700000| Untracked 
|  66|0x00000000a1800000, 0x00000000a1800000, 0x00000000a1900000|  0%| F|  |TAMS 0x00000000a1800000, 0x00000000a1800000| Untracked 
|  67|0x00000000a1900000, 0x00000000a1900000, 0x00000000a1a00000|  0%| F|  |TAMS 0x00000000a1900000, 0x00000000a1900000| Untracked 
|  68|0x00000000a1a00000, 0x00000000a1a00000, 0x00000000a1b00000|  0%| F|  |TAMS 0x00000000a1a00000, 0x00000000a1a00000| Untracked 
|  69|0x00000000a1b00000, 0x00000000a1b00000, 0x00000000a1c00000|  0%| F|  |TAMS 0x00000000a1b00000, 0x00000000a1b00000| Untracked 
|  70|0x00000000a1c00000, 0x00000000a1c00000, 0x00000000a1d00000|  0%| F|  |TAMS 0x00000000a1c00000, 0x00000000a1c00000| Untracked 
|  71|0x00000000a1d00000, 0x00000000a1d00000, 0x00000000a1e00000|  0%| F|  |TAMS 0x00000000a1d00000, 0x00000000a1d00000| Untracked 
|  72|0x00000000a1e00000, 0x00000000a1e00000, 0x00000000a1f00000|  0%| F|  |TAMS 0x00000000a1e00000, 0x00000000a1e00000| Untracked 
|  73|0x00000000a1f00000, 0x00000000a1f00000, 0x00000000a2000000|  0%| F|  |TAMS 0x00000000a1f00000, 0x00000000a1f00000| Untracked 
|  74|0x00000000a2000000, 0x00000000a2000000, 0x00000000a2100000|  0%| F|  |TAMS 0x00000000a2000000, 0x00000000a2000000| Untracked 
|  75|0x00000000a2100000, 0x00000000a2100000, 0x00000000a2200000|  0%| F|  |TAMS 0x00000000a2100000, 0x00000000a2100000| Untracked 
|  76|0x00000000a2200000, 0x00000000a2200000, 0x00000000a2300000|  0%| F|  |TAMS 0x00000000a2200000, 0x00000000a2200000| Untracked 
|  77|0x00000000a2300000, 0x00000000a2300000, 0x00000000a2400000|  0%| F|  |TAMS 0x00000000a2300000, 0x00000000a2300000| Untracked 
|  78|0x00000000a2400000, 0x00000000a2400000, 0x00000000a2500000|  0%| F|  |TAMS 0x00000000a2400000, 0x00000000a2400000| Untracked 
|  79|0x00000000a2500000, 0x00000000a2500000, 0x00000000a2600000|  0%| F|  |TAMS 0x00000000a2500000, 0x00000000a2500000| Untracked 
|  80|0x00000000a2600000, 0x00000000a2600000, 0x00000000a2700000|  0%| F|  |TAMS 0x00000000a2600000, 0x00000000a2600000| Untracked 
|  81|0x00000000a2700000, 0x00000000a2700000, 0x00000000a2800000|  0%| F|  |TAMS 0x00000000a2700000, 0x00000000a2700000| Untracked 
|  82|0x00000000a2800000, 0x00000000a2800000, 0x00000000a2900000|  0%| F|  |TAMS 0x00000000a2800000, 0x00000000a2800000| Untracked 
|  83|0x00000000a2900000, 0x00000000a2900000, 0x00000000a2a00000|  0%| F|  |TAMS 0x00000000a2900000, 0x00000000a2900000| Untracked 
|  84|0x00000000a2a00000, 0x00000000a2a00000, 0x00000000a2b00000|  0%| F|  |TAMS 0x00000000a2a00000, 0x00000000a2a00000| Untracked 
|  85|0x00000000a2b00000, 0x00000000a2b00000, 0x00000000a2c00000|  0%| F|  |TAMS 0x00000000a2b00000, 0x00000000a2b00000| Untracked 
|  86|0x00000000a2c00000, 0x00000000a2c00000, 0x00000000a2d00000|  0%| F|  |TAMS 0x00000000a2c00000, 0x00000000a2c00000| Untracked 
|  87|0x00000000a2d00000, 0x00000000a2d00000, 0x00000000a2e00000|  0%| F|  |TAMS 0x00000000a2d00000, 0x00000000a2d00000| Untracked 
|  88|0x00000000a2e00000, 0x00000000a2e00000, 0x00000000a2f00000|  0%| F|  |TAMS 0x00000000a2e00000, 0x00000000a2e00000| Untracked 
|  89|0x00000000a2f00000, 0x00000000a2f00000, 0x00000000a3000000|  0%| F|  |TAMS 0x00000000a2f00000, 0x00000000a2f00000| Untracked 
|  90|0x00000000a3000000, 0x00000000a3000000, 0x00000000a3100000|  0%| F|  |TAMS 0x00000000a3000000, 0x00000000a3000000| Untracked 
|  91|0x00000000a3100000, 0x00000000a31fb718, 0x00000000a3200000| 98%| E|  |TAMS 0x00000000a3100000, 0x00000000a3100000| Complete 
|  92|0x00000000a3200000, 0x00000000a3300000, 0x00000000a3300000|100%| E|  |TAMS 0x00000000a3200000, 0x00000000a3200000| Complete 
|  93|0x00000000a3300000, 0x00000000a3400000, 0x00000000a3400000|100%| E|CS|TAMS 0x00000000a3300000, 0x00000000a3300000| Complete 
|  94|0x00000000a3400000, 0x00000000a3500000, 0x00000000a3500000|100%| E|CS|TAMS 0x00000000a3400000, 0x00000000a3400000| Complete 
|  95|0x00000000a3500000, 0x00000000a3600000, 0x00000000a3600000|100%| E|CS|TAMS 0x00000000a3500000, 0x00000000a3500000| Complete 
|  96|0x00000000a3600000, 0x00000000a3700000, 0x00000000a3700000|100%| E|CS|TAMS 0x00000000a3600000, 0x00000000a3600000| Complete 
|  97|0x00000000a3700000, 0x00000000a3800000, 0x00000000a3800000|100%| E|CS|TAMS 0x00000000a3700000, 0x00000000a3700000| Complete 
|  98|0x00000000a3800000, 0x00000000a3900000, 0x00000000a3900000|100%| E|CS|TAMS 0x00000000a3800000, 0x00000000a3800000| Complete 
|  99|0x00000000a3900000, 0x00000000a3a00000, 0x00000000a3a00000|100%| E|CS|TAMS 0x00000000a3900000, 0x00000000a3900000| Complete 

Card table byte_map: [0x0000022258970000,0x0000022258c90000] _byte_map_base: 0x0000022258485000

Marking Bits (Prev, Next): (CMBitMap*) 0x000002223ed355b8, (CMBitMap*) 0x000002223ed355f0
 Prev Bits: [0x0000022258fb0000, 0x000002225a858000)
 Next Bits: [0x000002225a860000, 0x000002225c108000)

Polling page: 0x000002223eae0000

Metaspace:

Usage:
  Non-class:      6.64 MB capacity,     6.55 MB ( 99%) used,    86.34 KB (  1%) free+waste,     5.69 KB ( <1%) overhead. 
      Class:    741.00 KB capacity,   671.69 KB ( 91%) used,    66.81 KB (  9%) free+waste,     2.50 KB ( <1%) overhead. 
       Both:      7.36 MB capacity,     7.20 MB ( 98%) used,   153.16 KB (  2%) free+waste,     8.19 KB ( <1%) overhead. 

Virtual space:
  Non-class space:       18.00 MB reserved,       6.75 MB ( 38%) committed 
      Class space:        1.00 GB reserved,     768.00 KB ( <1%) committed 
             Both:        1.02 GB reserved,       7.50 MB ( <1%) committed 

Chunk freelists:
   Non-Class:  52.00 KB
       Class:  27.00 KB
        Both:  79.00 KB

MaxMetaspaceSize: 17179869184.00 GB
CompressedClassSpaceSize: 1.00 GB
Initial GC threshold: 20.80 MB
Current GC threshold: 20.80 MB
CDS: off

CodeHeap 'non-profiled nmethods': size=120000Kb used=120Kb max_used=120Kb free=119879Kb
 bounds [0x00000222506b0000, 0x0000022250920000, 0x0000022257be0000]
CodeHeap 'profiled nmethods': size=120000Kb used=563Kb max_used=563Kb free=119436Kb
 bounds [0x0000022249180000, 0x00000222493f0000, 0x00000222506b0000]
CodeHeap 'non-nmethods': size=5760Kb used=1109Kb max_used=1120Kb free=4650Kb
 bounds [0x0000022248be0000, 0x0000022248e50000, 0x0000022249180000]
 total_blobs=771 nmethods=415 adapters=269
 compilation: enabled
              stopped_count=0, restarted_count=0
 full_count=0

Compilation events (20 events):
Event: 0.356 Thread 0x000002225ebfc800 nmethod 405 0x0000022249203e10 code [0x0000022249203fe0, 0x00000222492043e8]
Event: 0.356 Thread 0x000002225ebfc800  406   !   3       java.util.zip.InflaterInputStream::read (138 bytes)
Event: 0.357 Thread 0x000002225ebfc800 nmethod 406 0x0000022249204610 code [0x00000222492048c0, 0x00000222492056f8]
Event: 0.357 Thread 0x000002225ebfc800  407       3       java.util.zip.InflaterInputStream::ensureOpen (18 bytes)
Event: 0.357 Thread 0x000002225ebfc800 nmethod 407 0x0000022249205c90 code [0x0000022249205e60, 0x0000022249206068]
Event: 0.358 Thread 0x000002225ebfc800  408       3       jdk.internal.reflect.ClassFileAssembler::emitByte (11 bytes)
Event: 0.358 Thread 0x000002225ebfc800 nmethod 408 0x0000022249206110 code [0x00000222492062c0, 0x0000022249206428]
Event: 0.358 Thread 0x000002225ebfc800  409       3       jdk.internal.reflect.ByteVectorImpl::add (38 bytes)
Event: 0.358 Thread 0x000002225ebfc800 nmethod 409 0x0000022249206510 code [0x00000222492066e0, 0x00000222492068a8]
Event: 0.358 Thread 0x000002225ebfc800  411       3       java.util.regex.Matcher::reset (128 bytes)
Event: 0.359 Thread 0x000002225ebfc800 nmethod 411 0x0000022249206a10 code [0x0000022249206c20, 0x00000222492071b8]
Event: 0.359 Thread 0x000002225ebfc800  410       3       java.util.Arrays::copyOf (40 bytes)
Event: 0.359 Thread 0x000002225ebfc800 nmethod 410 0x0000022249207410 code [0x0000022249207620, 0x0000022249207cc8]
Event: 0.360 Thread 0x000002225ebfc800  412       3       java.util.WeakHashMap::remove (133 bytes)
Event: 0.361 Thread 0x000002225ebfc800 nmethod 412 0x0000022249207f10 code [0x0000022249208160, 0x0000022249208c08]
Event: 0.363 Thread 0x000002225ebfc800  414       3       java.lang.Class::getPackageName (81 bytes)
Event: 0.364 Thread 0x000002225ebfc800 nmethod 414 0x0000022249209010 code [0x00000222492092a0, 0x0000022249209bc8]
Event: 0.364 Thread 0x000002225ebfc800  415       3       java.util.zip.ZipFile::getZipEntry (325 bytes)
Event: 0.366 Thread 0x000002225ebfc800 nmethod 415 0x0000022249209f10 code [0x000002224920a2c0, 0x000002224920c0e8]
Event: 0.366 Thread 0x000002225ebfc800  416   !   3       java.net.URL::<init> (543 bytes)

GC Heap History (0 events):
No events

Deoptimization events (20 events):
Event: 0.101 Thread 0x000002223ecff800 Uncommon trap: trap_request=0xffffff4d fr.pc=0x00000222506b44a4 relative=0x0000000000000184
Event: 0.101 Thread 0x000002223ecff800 Uncommon trap: reason=unstable_if action=reinterpret pc=0x00000222506b44a4 method=java.lang.String.hashCode()I @ 14 c2
Event: 0.101 Thread 0x000002223ecff800 DEOPT PACKING pc=0x00000222506b44a4 sp=0x00000030622fd640
Event: 0.101 Thread 0x000002223ecff800 DEOPT UNPACKING pc=0x0000022248c2a1af sp=0x00000030622fd5d8 mode 2
Event: 0.150 Thread 0x000002223ecff800 DEOPT PACKING pc=0x00000222491a450e sp=0x00000030622f8b90
Event: 0.150 Thread 0x000002223ecff800 DEOPT UNPACKING pc=0x0000022248c2a95e sp=0x00000030622f8030 mode 0
Event: 0.150 Thread 0x000002223ecff800 DEOPT PACKING pc=0x00000222491a450e sp=0x00000030622f8b90
Event: 0.150 Thread 0x000002223ecff800 DEOPT UNPACKING pc=0x0000022248c2a95e sp=0x00000030622f8030 mode 0
Event: 0.150 Thread 0x000002223ecff800 DEOPT PACKING pc=0x00000222491a450e sp=0x00000030622f8b90
Event: 0.150 Thread 0x000002223ecff800 DEOPT UNPACKING pc=0x0000022248c2a95e sp=0x00000030622f8030 mode 0
Event: 0.150 Thread 0x000002223ecff800 DEOPT PACKING pc=0x00000222491a4bbb sp=0x00000030622f8b60
Event: 0.150 Thread 0x000002223ecff800 DEOPT UNPACKING pc=0x0000022248c2a95e sp=0x00000030622f8030 mode 0
Event: 0.150 Thread 0x000002223ecff800 DEOPT PACKING pc=0x00000222491a450e sp=0x00000030622f8b90
Event: 0.150 Thread 0x000002223ecff800 DEOPT UNPACKING pc=0x0000022248c2a95e sp=0x00000030622f8030 mode 0
Event: 0.154 Thread 0x000002223ecff800 DEOPT PACKING pc=0x00000222491a4bbb sp=0x00000030622f8b60
Event: 0.154 Thread 0x000002223ecff800 DEOPT UNPACKING pc=0x0000022248c2a95e sp=0x00000030622f8030 mode 0
Event: 0.154 Thread 0x000002223ecff800 DEOPT PACKING pc=0x00000222491a4bbb sp=0x00000030622f8b60
Event: 0.154 Thread 0x000002223ecff800 DEOPT UNPACKING pc=0x0000022248c2a95e sp=0x00000030622f8030 mode 0
Event: 0.328 Thread 0x000002223ecff800 DEOPT PACKING pc=0x00000222491cb6a2 sp=0x00000030622fd7b0
Event: 0.328 Thread 0x000002223ecff800 DEOPT UNPACKING pc=0x0000022248c2a95e sp=0x00000030622fcc18 mode 0

Classes redefined (0 events):
No events

Internal exceptions (15 events):
Event: 0.186 Thread 0x000002223ecff800 Exception <a 'sun/nio/fs/WindowsException'{0x00000000a37aa490}> (0x00000000a37aa490) thrown at [./src/hotspot/share/prims/jni.cpp, line 616]
Event: 0.254 Thread 0x000002223ecff800 Exception <a 'java/security/PrivilegedActionException'{0x00000000a35498b0}> (0x00000000a35498b0) thrown at [./src/hotspot/share/prims/jvm.cpp, line 1306]
Event: 0.254 Thread 0x000002223ecff800 Exception <a 'java/security/PrivilegedActionException'{0x00000000a3549b80}> (0x00000000a3549b80) thrown at [./src/hotspot/share/prims/jvm.cpp, line 1306]
Event: 0.255 Thread 0x000002223ecff800 Exception <a 'java/security/PrivilegedActionException'{0x00000000a354b028}> (0x00000000a354b028) thrown at [./src/hotspot/share/prims/jvm.cpp, line 1306]
Event: 0.255 Thread 0x000002223ecff800 Exception <a 'java/security/PrivilegedActionException'{0x00000000a354b2f8}> (0x00000000a354b2f8) thrown at [./src/hotspot/share/prims/jvm.cpp, line 1306]
Event: 0.255 Thread 0x000002223ecff800 Exception <a 'java/security/PrivilegedActionException'{0x00000000a354c8d0}> (0x00000000a354c8d0) thrown at [./src/hotspot/share/prims/jvm.cpp, line 1306]
Event: 0.255 Thread 0x000002223ecff800 Exception <a 'java/security/PrivilegedActionException'{0x00000000a354cba0}> (0x00000000a354cba0) thrown at [./src/hotspot/share/prims/jvm.cpp, line 1306]
Event: 0.255 Thread 0x000002223ecff800 Exception <a 'java/security/PrivilegedActionException'{0x00000000a354e098}> (0x00000000a354e098) thrown at [./src/hotspot/share/prims/jvm.cpp, line 1306]
Event: 0.255 Thread 0x000002223ecff800 Exception <a 'java/security/PrivilegedActionException'{0x00000000a354e368}> (0x00000000a354e368) thrown at [./src/hotspot/share/prims/jvm.cpp, line 1306]
Event: 0.255 Thread 0x000002223ecff800 Exception <a 'java/security/PrivilegedActionException'{0x00000000a354f890}> (0x00000000a354f890) thrown at [./src/hotspot/share/prims/jvm.cpp, line 1306]
Event: 0.255 Thread 0x000002223ecff800 Exception <a 'java/security/PrivilegedActionException'{0x00000000a354fb60}> (0x00000000a354fb60) thrown at [./src/hotspot/share/prims/jvm.cpp, line 1306]
Event: 0.255 Thread 0x000002223ecff800 Exception <a 'java/security/PrivilegedActionException'{0x00000000a3551138}> (0x00000000a3551138) thrown at [./src/hotspot/share/prims/jvm.cpp, line 1306]
Event: 0.255 Thread 0x000002223ecff800 Exception <a 'java/security/PrivilegedActionException'{0x00000000a3551408}> (0x00000000a3551408) thrown at [./src/hotspot/share/prims/jvm.cpp, line 1306]
Event: 0.338 Thread 0x000002223ecff800 Exception <a 'java/lang/OutOfMemoryError'{0x00000000a34d7120}> (0x00000000a34d7120) thrown at [./src/hotspot/share/prims/jni.cpp, line 637]
Event: 0.349 Thread 0x000002223ecff800 Exception <a 'java/lang/OutOfMemoryError'{0x00000000a325fcc0}> (0x00000000a325fcc0) thrown at [./src/hotspot/share/prims/jni.cpp, line 637]

Events (20 events):
Event: 0.364 loading class com/google/common/collect/ImmutableSet$SetBuilderImpl
Event: 0.364 loading class com/google/common/collect/ImmutableSet$SetBuilderImpl done
Event: 0.365 loading class com/google/common/collect/ImmutableSet$RegularSetBuilderImpl
Event: 0.365 loading class com/google/common/collect/ImmutableSet$RegularSetBuilderImpl done
Event: 0.365 loading class com/google/common/collect/CollectPreconditions
Event: 0.365 loading class com/google/common/collect/CollectPreconditions done
Event: 0.365 loading class java/util/AbstractMap$SimpleImmutableEntry
Event: 0.365 loading class java/util/AbstractMap$SimpleImmutableEntry done
Event: 0.365 loading class com/google/common/collect/RegularImmutableMap
Event: 0.365 loading class com/google/common/collect/RegularImmutableMap done
Event: 0.366 loading class com/google/common/collect/RegularImmutableMap$Values
Event: 0.366 loading class com/google/common/collect/RegularImmutableMap$Values done
Event: 0.366 loading class com/google/common/collect/ImmutableMapEntrySet$RegularEntrySet
Event: 0.366 loading class com/google/common/collect/ImmutableMapEntrySet$RegularEntrySet done
Event: 0.367 loading class com/google/common/collect/ImmutableMapEntrySet
Event: 0.367 loading class com/google/common/collect/ImmutableMapEntrySet done
Event: 0.367 loading class com/google/common/collect/RegularImmutableMap$KeySet
Event: 0.367 loading class com/google/common/collect/RegularImmutableMap$KeySet done
Event: 0.367 loading class com/google/common/collect/IndexedImmutableSet
Event: 0.367 loading class com/google/common/collect/IndexedImmutableSet done


Dynamic libraries:
0x00007ff705d90000 - 0x00007ff705d9d000 	C:\Program Files\Unity\Hub\Editor\2022.2.4f1\Editor\Data\PlaybackEngines\AndroidPlayer\OpenJDK\bin\java.exe
0x00007ffe86d40000 - 0x00007ffe86f30000 	C:\Windows\SYSTEM32\ntdll.dll
0x00007ffe856f0000 - 0x00007ffe857a2000 	C:\Windows\System32\KERNEL32.DLL
0x00007ffe84190000 - 0x00007ffe84435000 	C:\Windows\System32\KERNELBASE.dll
0x00007ffe84c80000 - 0x00007ffe84d7a000 	C:\Windows\System32\ucrtbase.dll
0x00007ffe7e6b0000 - 0x00007ffe7e6c5000 	C:\Program Files\Unity\Hub\Editor\2022.2.4f1\Editor\Data\PlaybackEngines\AndroidPlayer\OpenJDK\bin\VCRUNTIME140.dll
0x00007ffe751c0000 - 0x00007ffe751d7000 	C:\Program Files\Unity\Hub\Editor\2022.2.4f1\Editor\Data\PlaybackEngines\AndroidPlayer\OpenJDK\bin\jli.dll
0x00007ffe86510000 - 0x00007ffe866a4000 	C:\Windows\System32\USER32.dll
0x00007ffe84c50000 - 0x00007ffe84c71000 	C:\Windows\System32\win32u.dll
0x00007ffe84e50000 - 0x00007ffe84e76000 	C:\Windows\System32\GDI32.dll
0x00007ffe83ff0000 - 0x00007ffe84188000 	C:\Windows\System32\gdi32full.dll
0x00007ffe83d40000 - 0x00007ffe83dde000 	C:\Windows\System32\msvcp_win.dll
0x00007ffe71530000 - 0x00007ffe717b4000 	C:\Windows\WinSxS\amd64_microsoft.windows.common-controls_6595b64144ccf1df_6.0.18362.1440_none_9e7dbfb9e45e8e67\COMCTL32.dll
0x00007ffe86b50000 - 0x00007ffe86bee000 	C:\Windows\System32\msvcrt.dll
0x00007ffe85830000 - 0x00007ffe85b66000 	C:\Windows\System32\combase.dll
0x00007ffe85b70000 - 0x00007ffe85c8f000 	C:\Windows\System32\RPCRT4.dll
0x00007ffe83cb0000 - 0x00007ffe83d31000 	C:\Windows\System32\bcryptPrimitives.dll
0x00007ffe84fd0000 - 0x00007ffe84ffe000 	C:\Windows\System32\IMM32.DLL
0x00007ffe57c20000 - 0x00007ffe57cbb000 	C:\Program Files\Unity\Hub\Editor\2022.2.4f1\Editor\Data\PlaybackEngines\AndroidPlayer\OpenJDK\bin\msvcp140.dll
0x00007ffdf3490000 - 0x00007ffdf4011000 	C:\Program Files\Unity\Hub\Editor\2022.2.4f1\Editor\Data\PlaybackEngines\AndroidPlayer\OpenJDK\bin\server\jvm.dll
0x00007ffe86730000 - 0x00007ffe867d3000 	C:\Windows\System32\ADVAPI32.dll
0x00007ffe84e80000 - 0x00007ffe84f17000 	C:\Windows\System32\sechost.dll
0x00007ffe86720000 - 0x00007ffe86728000 	C:\Windows\System32\PSAPI.DLL
0x00007ffe80090000 - 0x00007ffe80099000 	C:\Windows\SYSTEM32\WSOCK32.dll
0x00007ffe81790000 - 0x00007ffe817b4000 	C:\Windows\SYSTEM32\WINMM.dll
0x00007ffe79580000 - 0x00007ffe7958a000 	C:\Windows\SYSTEM32\VERSION.dll
0x00007ffe85c90000 - 0x00007ffe85cff000 	C:\Windows\System32\WS2_32.dll
0x00007ffe81310000 - 0x00007ffe8133d000 	C:\Windows\SYSTEM32\winmmbase.dll
0x00007ffe84da0000 - 0x00007ffe84dea000 	C:\Windows\System32\cfgmgr32.dll
0x00007ffe83c00000 - 0x00007ffe83c11000 	C:\Windows\System32\kernel.appcore.dll
0x00007ffe74de0000 - 0x00007ffe74df0000 	C:\Program Files\Unity\Hub\Editor\2022.2.4f1\Editor\Data\PlaybackEngines\AndroidPlayer\OpenJDK\bin\verify.dll
0x00007ffe82380000 - 0x00007ffe82574000 	C:\Windows\SYSTEM32\DBGHELP.DLL
0x00007ffe6f9d0000 - 0x00007ffe6f9fa000 	C:\Windows\SYSTEM32\dbgcore.DLL
0x00007ffe74d00000 - 0x00007ffe74d28000 	C:\Program Files\Unity\Hub\Editor\2022.2.4f1\Editor\Data\PlaybackEngines\AndroidPlayer\OpenJDK\bin\java.dll
0x00007ffe74db0000 - 0x00007ffe74dba000 	C:\Program Files\Unity\Hub\Editor\2022.2.4f1\Editor\Data\PlaybackEngines\AndroidPlayer\OpenJDK\bin\jimage.dll
0x00007ffe6c3d0000 - 0x00007ffe6c3e8000 	C:\Program Files\Unity\Hub\Editor\2022.2.4f1\Editor\Data\PlaybackEngines\AndroidPlayer\OpenJDK\bin\zip.dll
0x00007ffe85000000 - 0x00007ffe856e8000 	C:\Windows\System32\SHELL32.dll
0x00007ffe86bf0000 - 0x00007ffe86c97000 	C:\Windows\System32\shcore.dll
0x00007ffe844d0000 - 0x00007ffe84c4b000 	C:\Windows\System32\windows.storage.dll
0x00007ffe83c90000 - 0x00007ffe83cae000 	C:\Windows\System32\profapi.dll
0x00007ffe83c40000 - 0x00007ffe83c8a000 	C:\Windows\System32\powrprof.dll
0x00007ffe83bf0000 - 0x00007ffe83c00000 	C:\Windows\System32\UMPDC.dll
0x00007ffe863d0000 - 0x00007ffe86422000 	C:\Windows\System32\shlwapi.dll
0x00007ffe84d80000 - 0x00007ffe84d97000 	C:\Windows\System32\cryptsp.dll
0x00007ffe60f10000 - 0x00007ffe60f29000 	C:\Program Files\Unity\Hub\Editor\2022.2.4f1\Editor\Data\PlaybackEngines\AndroidPlayer\OpenJDK\bin\net.dll
0x00007ffe747c0000 - 0x00007ffe748ba000 	C:\Windows\SYSTEM32\WINHTTP.dll
0x00007ffe83430000 - 0x00007ffe83497000 	C:\Windows\system32\mswsock.dll
0x00007ffe60ef0000 - 0x00007ffe60f03000 	C:\Program Files\Unity\Hub\Editor\2022.2.4f1\Editor\Data\PlaybackEngines\AndroidPlayer\OpenJDK\bin\nio.dll

dbghelp: loaded successfully - version: 4.0.5 - missing functions: none
symbol engine: initialized successfully - sym options: 0x614 - pdb path: .;C:\Program Files\Unity\Hub\Editor\2022.2.4f1\Editor\Data\PlaybackEngines\AndroidPlayer\OpenJDK\bin;C:\Windows\SYSTEM32;C:\Windows\WinSxS\amd64_microsoft.windows.common-controls_6595b64144ccf1df_6.0.18362.1440_none_9e7dbfb9e45e8e67;C:\Program Files\Unity\Hub\Editor\2022.2.4f1\Editor\Data\PlaybackEngines\AndroidPlayer\OpenJDK\bin\server

VM Arguments:
jvm_args: -Dfile.encoding=UTF-8 -Dcom.android.sdklib.toolsdir=C:\Program Files\Unity\Hub\Editor\2022.2.4f1\Editor\Data\PlaybackEngines\AndroidPlayer\SDK\cmdline-tools\6.0\bin\\.. 
java_command: com.android.sdklib.tool.sdkmanager.SdkManagerCli --list
java_class_path (initial): C:\Program Files\Unity\Hub\Editor\2022.2.4f1\Editor\Data\PlaybackEngines\AndroidPlayer\SDK\cmdline-tools\6.0\bin\..\lib\sdkmanager-classpath.jar
Launcher Type: SUN_STANDARD

[Global flags]
     intx CICompilerCount                          = 4                                         {product} {ergonomic}
     uint ConcGCThreads                            = 2                                         {product} {ergonomic}
     uint G1ConcRefinementThreads                  = 8                                         {product} {ergonomic}
   size_t G1HeapRegionSize                         = 1048576                                   {product} {ergonomic}
    uintx GCDrainStackTargetSize                   = 64                                        {product} {ergonomic}
   size_t InitialHeapSize                          = 104857600                                 {product} {ergonomic}
   size_t MarkStackSize                            = 4194304                                   {product} {ergonomic}
   size_t MaxHeapSize                              = 1654652928                                {product} {ergonomic}
   size_t MaxNewSize                               = 991952896                                 {product} {ergonomic}
   size_t MinHeapDeltaBytes                        = 1048576                                   {product} {ergonomic}
    uintx NonNMethodCodeHeapSize                   = 5836300                                {pd product} {ergonomic}
    uintx NonProfiledCodeHeapSize                  = 122910970                              {pd product} {ergonomic}
    uintx ProfiledCodeHeapSize                     = 122910970                              {pd product} {ergonomic}
    uintx ReservedCodeCacheSize                    = 251658240                              {pd product} {ergonomic}
     bool SegmentedCodeCache                       = true                                      {product} {ergonomic}
     bool UseCompressedClassPointers               = true                                 {lp64_product} {ergonomic}
     bool UseCompressedOops                        = true                                 {lp64_product} {ergonomic}
     bool UseG1GC                                  = true                                      {product} {ergonomic}
     bool UseLargePagesIndividualAllocation        = false                                  {pd product} {ergonomic}

Logging:
Log output configuration:
 #0: stdout all=warning uptime,level,tags
 #1: stderr all=off uptime,level,tags

Environment Variables:
JAVA_HOME=C:\Program Files\Unity\Hub\Editor\2022.2.4f1\Editor\Data\PlaybackEngines\AndroidPlayer\OpenJDK
JAVA_TOOL_OPTIONS=-Dfile.encoding=UTF-8
CLASSPATH=C:\Program Files\Unity\Hub\Editor\2022.2.4f1\Editor\Data\PlaybackEngines\AndroidPlayer\SDK\cmdline-tools\6.0\bin\..\lib\sdkmanager-classpath.jar
PATH=C:\Program Files\National Instruments\Shared\OpenVINO\;C:\Program Files\Microsoft MPI\Bin\;C:\product\11.2.0\dbhome_1\bin;C:\Program Files\Common Files\Oracle\Java\javapath;C:\Oracle\Middleware\Oracle_FRHome1\bin;D:\app\JC.TECH\product\11.2.0\dbhome_1\bin;C:\Program Files (x86)\Common Files\Oracle\Java\javapath;C:\Windows\system32;C:\Windows;C:\Windows\System32\Wbem;C:\Windows\System32\WindowsPowerShell\v1.0\;C:\Windows\System32\OpenSSH\;C:\Program Files\Microsoft SQL Server\130\Tools\Binn\;C:\Program Files (x86)\NVIDIA Corporation\PhysX\Common;C:\Program Files\NVIDIA Corporation\NVIDIA NvDLISR;C:\Program Files\Java\jdk-15.0.1\bin;C:\Oracle\Middleware\Oracle_FRHome1\opmn\bin;C:\Oracle\Middleware\Oracle_FRHome1\opmn\lib;C:\Oracle\Middleware\Oracle_FRHome1\perl\bin;C:\Program Files\Git\cmd;C:\Program Files\dotnet\;C:\Program Files\Microsoft SQL Server\Client SDK\ODBC\170\Tools\Binn\;C:\flutter\flutter\bin;C:\Program Files\nodejs\;C:\Program Files (x86)\scala\bin;C:\Program Files\Git LFS;C:\Users\JC.TECH\AppData\Local\Microsoft\WindowsApps;C:\Program Files\JetBrains\PyCharm 2021.1\bin;;C:\Users\JC.TECH\.dotnet\tools;C:\flutter\flutter\bin;C:\Users\JC.TECH\AppData\Roaming\npm;C:\Users\JC.TECH\AppData\Local\Programs\Microsoft VS Code\bin;C:\Program Files\JetBrains\IntelliJ IDEA Community Edition 2022.3.3\bin;;C:\Users\JC.TECH\AppData\Local\GitHubDesktop\bin
USERNAME=JC.TECH
LD_LIBRARY_PATH=C:\Oracle\Middleware\Oracle_FRHome1\lib
OS=Windows_NT
PROCESSOR_IDENTIFIER=Intel64 Family 6 Model 158 Stepping 10, GenuineIntel



---------------  S Y S T E M  ---------------

OS: Windows 10 , 64 bit Build 18362 (10.0.18362.1350)
OS uptime: 0 days 8:57 hours

CPU:total 8 (initial active 8) (4 cores per cpu, 2 threads per core) family 6 model 158 stepping 10 microcode 0xde, cmov, cx8, fxsr, mmx, sse, sse2, sse3, ssse3, sse4.1, sse4.2, popcnt, avx, avx2, aes, clmul, erms, 3dnowpref, lzcnt, ht, tsc, tscinvbit, bmi1, bmi2, adx, fma

Memory: 4k page, system-wide physical 6304M (306M free)
TotalPageFile size 18392M (AvailPageFile size 0M)
current process WorkingSet (physical memory assigned to process): 45M, peak: 45M
current process commit charge ("private bytes"): 180M, peak: 180M

vm_info: OpenJDK 64-Bit Server VM (11.0.14.1+1) for windows-amd64 JRE (11.0.14.1+1), built on Feb  9 2022 01:48:27 by "" with unknown MS VC++:1916

END.
