#
# There is insufficient memory for the Java Runtime Environment to continue.
# Native memory allocation (mmap) failed to map 104857600 bytes for Failed to commit area from 0x000000009d600000 to 0x00000000a3a00000 of length 104857600.
# Possible reasons:
#   The system is out of physical RAM or swap space
#   The process is running with CompressedOops enabled, and the Java Heap may be blocking the growth of the native heap
# Possible solutions:
#   Reduce memory load on the system
#   Increase physical memory or swap space
#   Check if swap backing store is full
#   Decrease Java heap size (-Xmx/-Xms)
#   Decrease number of Java threads
#   Decrease Java thread stack sizes (-Xss)
#   Set larger code cache with -XX:ReservedCodeCacheSize=
# This output file may be truncated or incomplete.
#
#  Out of Memory Error (./src/hotspot/os/windows/os_windows.cpp:3387), pid=1812, tid=6848
#
# JRE version:  (11.0.14.1+1) (build )
# Java VM: OpenJDK 64-Bit Server VM (11.0.14.1+1, mixed mode, sharing, tiered, compressed oops, g1 gc, windows-amd64)
# No core dump will be written. Minidumps are not enabled by default on client versions of Windows
#

---------------  S U M M A R Y ------------

Command Line: -Dfile.encoding=UTF-8 -Dcom.android.sdklib.toolsdir=C:\Program Files\Unity\Hub\Editor\2022.2.4f1\Editor\Data\PlaybackEngines\AndroidPlayer\SDK\cmdline-tools\6.0\bin\\.. com.android.sdklib.tool.sdkmanager.SdkManagerCli --list

Host: Intel(R) Core(TM) i5-9300H CPU @ 2.40GHz, 8 cores, 6G,  Windows 10 , 64 bit Build 18362 (10.0.18362.1350)
Time: Thu Jun 22 00:01:07 2023 Egypt Standard Time elapsed time: 0.022631 seconds (0d 0h 0m 0s)

---------------  T H R E A D  ---------------

Current thread (0x000002543fe5e000):  JavaThread "Unknown thread" [_thread_in_vm, id=6848, stack(0x000000c88ae00000,0x000000c88af00000)]

Stack: [0x000000c88ae00000,0x000000c88af00000]
Native frames: (J=compiled Java code, j=interpreted, Vv=VM code, C=native code)
V  [jvm.dll+0x61e59a]
V  [jvm.dll+0x7aaca9]
V  [jvm.dll+0x7ac398]
V  [jvm.dll+0x7aca73]
V  [jvm.dll+0x24f9b8]
V  [jvm.dll+0x61b83a]
V  [jvm.dll+0x6100c5]
V  [jvm.dll+0x30772c]
V  [jvm.dll+0x3075b2]
V  [jvm.dll+0x30c2d6]
V  [jvm.dll+0x35272f]
V  [jvm.dll+0x352160]
V  [jvm.dll+0x2e4728]
V  [jvm.dll+0x2e5886]
V  [jvm.dll+0x784b07]
V  [jvm.dll+0x78628f]
V  [jvm.dll+0x35f479]
V  [jvm.dll+0x767aa0]
V  [jvm.dll+0x3ccf1f]
V  [jvm.dll+0x3cf2b1]
C  [jli.dll+0x5207]
C  [ucrtbase.dll+0x210b2]
C  [KERNEL32.DLL+0x17c24]
C  [ntdll.dll+0x6d721]


---------------  P R O C E S S  ---------------

Threads class SMR info:
_java_thread_list=0x000002543fd81ba0, length=0, elements={
}

Java Threads: ( => current thread )

Other Threads:
  0x0000025441f38000 GCTaskThread "GC Thread#0" [stack: 0x000000c88af00000,0x000000c88b000000] [id=16600]
  0x0000025441f5f800 ConcurrentGCThread "G1 Main Marker" [stack: 0x000000c88b000000,0x000000c88b100000] [id=9636]
  0x0000025441f64000 ConcurrentGCThread "G1 Conc#0" [stack: 0x000000c88b100000,0x000000c88b200000] [id=18436]

[error occurred during error reporting (printing all threads), id 0xc0000005, EXCEPTION_ACCESS_VIOLATION (0xc0000005) at pc=0x00007ffdf3783ef7]

VM state:not at safepoint (not fully initialized)

VM Mutex/Monitor currently owned by a thread:  ([mutex/lock_event])
[0x000002543fe5ad80] Heap_lock - owner thread: 0x000002543fe5e000

Heap address: 0x000000009d600000, size: 1578 MB, Compressed Oops mode: Non-zero based: 0x000000009d600000
Narrow klass base: 0x0000000000000000, Narrow klass shift: 0

GC Heap History (0 events):
No events

Deoptimization events (0 events):
No events

Classes redefined (0 events):
No events

Internal exceptions (0 events):
No events

Events (1 events):
Event: 0.009 Loaded shared library C:\Program Files\Unity\Hub\Editor\2022.2.4f1\Editor\Data\PlaybackEngines\AndroidPlayer\OpenJDK\bin\zip.dll


Dynamic libraries:
0x00007ff705d90000 - 0x00007ff705d9d000 	C:\Program Files\Unity\Hub\Editor\2022.2.4f1\Editor\Data\PlaybackEngines\AndroidPlayer\OpenJDK\bin\java.exe
0x00007ffe86d40000 - 0x00007ffe86f30000 	C:\Windows\SYSTEM32\ntdll.dll
0x00007ffe856f0000 - 0x00007ffe857a2000 	C:\Windows\System32\KERNEL32.DLL
0x00007ffe84190000 - 0x00007ffe84435000 	C:\Windows\System32\KERNELBASE.dll
0x00007ffe84c80000 - 0x00007ffe84d7a000 	C:\Windows\System32\ucrtbase.dll
0x00007ffe751c0000 - 0x00007ffe751d7000 	C:\Program Files\Unity\Hub\Editor\2022.2.4f1\Editor\Data\PlaybackEngines\AndroidPlayer\OpenJDK\bin\jli.dll
0x00007ffe7e6b0000 - 0x00007ffe7e6c5000 	C:\Program Files\Unity\Hub\Editor\2022.2.4f1\Editor\Data\PlaybackEngines\AndroidPlayer\OpenJDK\bin\VCRUNTIME140.dll
0x00007ffe86510000 - 0x00007ffe866a4000 	C:\Windows\System32\USER32.dll
0x00007ffe84c50000 - 0x00007ffe84c71000 	C:\Windows\System32\win32u.dll
0x00007ffe84e50000 - 0x00007ffe84e76000 	C:\Windows\System32\GDI32.dll
0x00007ffe71530000 - 0x00007ffe717b4000 	C:\Windows\WinSxS\amd64_microsoft.windows.common-controls_6595b64144ccf1df_6.0.18362.1440_none_9e7dbfb9e45e8e67\COMCTL32.dll
0x00007ffe83ff0000 - 0x00007ffe84188000 	C:\Windows\System32\gdi32full.dll
0x00007ffe86b50000 - 0x00007ffe86bee000 	C:\Windows\System32\msvcrt.dll
0x00007ffe83d40000 - 0x00007ffe83dde000 	C:\Windows\System32\msvcp_win.dll
0x00007ffe85830000 - 0x00007ffe85b66000 	C:\Windows\System32\combase.dll
0x00007ffe85b70000 - 0x00007ffe85c8f000 	C:\Windows\System32\RPCRT4.dll
0x00007ffe83cb0000 - 0x00007ffe83d31000 	C:\Windows\System32\bcryptPrimitives.dll
0x00007ffe84fd0000 - 0x00007ffe84ffe000 	C:\Windows\System32\IMM32.DLL
0x00007ffe57c20000 - 0x00007ffe57cbb000 	C:\Program Files\Unity\Hub\Editor\2022.2.4f1\Editor\Data\PlaybackEngines\AndroidPlayer\OpenJDK\bin\msvcp140.dll
0x00007ffdf3490000 - 0x00007ffdf4011000 	C:\Program Files\Unity\Hub\Editor\2022.2.4f1\Editor\Data\PlaybackEngines\AndroidPlayer\OpenJDK\bin\server\jvm.dll
0x00007ffe86730000 - 0x00007ffe867d3000 	C:\Windows\System32\ADVAPI32.dll
0x00007ffe84e80000 - 0x00007ffe84f17000 	C:\Windows\System32\sechost.dll
0x00007ffe86720000 - 0x00007ffe86728000 	C:\Windows\System32\PSAPI.DLL
0x00007ffe80090000 - 0x00007ffe80099000 	C:\Windows\SYSTEM32\WSOCK32.dll
0x00007ffe85c90000 - 0x00007ffe85cff000 	C:\Windows\System32\WS2_32.dll
0x00007ffe79580000 - 0x00007ffe7958a000 	C:\Windows\SYSTEM32\VERSION.dll
0x00007ffe81790000 - 0x00007ffe817b4000 	C:\Windows\SYSTEM32\WINMM.dll
0x00007ffe81310000 - 0x00007ffe8133d000 	C:\Windows\SYSTEM32\winmmbase.dll
0x00007ffe84da0000 - 0x00007ffe84dea000 	C:\Windows\System32\cfgmgr32.dll
0x00007ffe83c00000 - 0x00007ffe83c11000 	C:\Windows\System32\kernel.appcore.dll
0x00007ffe74de0000 - 0x00007ffe74df0000 	C:\Program Files\Unity\Hub\Editor\2022.2.4f1\Editor\Data\PlaybackEngines\AndroidPlayer\OpenJDK\bin\verify.dll
0x00007ffe82380000 - 0x00007ffe82574000 	C:\Windows\SYSTEM32\DBGHELP.DLL
0x00007ffe6f9d0000 - 0x00007ffe6f9fa000 	C:\Windows\SYSTEM32\dbgcore.DLL
0x00007ffe74d00000 - 0x00007ffe74d28000 	C:\Program Files\Unity\Hub\Editor\2022.2.4f1\Editor\Data\PlaybackEngines\AndroidPlayer\OpenJDK\bin\java.dll
0x00007ffe74db0000 - 0x00007ffe74dba000 	C:\Program Files\Unity\Hub\Editor\2022.2.4f1\Editor\Data\PlaybackEngines\AndroidPlayer\OpenJDK\bin\jimage.dll
0x00007ffe6c3d0000 - 0x00007ffe6c3e8000 	C:\Program Files\Unity\Hub\Editor\2022.2.4f1\Editor\Data\PlaybackEngines\AndroidPlayer\OpenJDK\bin\zip.dll

dbghelp: loaded successfully - version: 4.0.5 - missing functions: none
symbol engine: initialized successfully - sym options: 0x614 - pdb path: .;C:\Program Files\Unity\Hub\Editor\2022.2.4f1\Editor\Data\PlaybackEngines\AndroidPlayer\OpenJDK\bin;C:\Windows\SYSTEM32;C:\Windows\WinSxS\amd64_microsoft.windows.common-controls_6595b64144ccf1df_6.0.18362.1440_none_9e7dbfb9e45e8e67;C:\Program Files\Unity\Hub\Editor\2022.2.4f1\Editor\Data\PlaybackEngines\AndroidPlayer\OpenJDK\bin\server

VM Arguments:
jvm_args: -Dfile.encoding=UTF-8 -Dcom.android.sdklib.toolsdir=C:\Program Files\Unity\Hub\Editor\2022.2.4f1\Editor\Data\PlaybackEngines\AndroidPlayer\SDK\cmdline-tools\6.0\bin\\.. 
java_command: com.android.sdklib.tool.sdkmanager.SdkManagerCli --list
java_class_path (initial): C:\Program Files\Unity\Hub\Editor\2022.2.4f1\Editor\Data\PlaybackEngines\AndroidPlayer\SDK\cmdline-tools\6.0\bin\..\lib\sdkmanager-classpath.jar
Launcher Type: SUN_STANDARD

[Global flags]
     intx CICompilerCount                          = 4                                         {product} {ergonomic}
     uint ConcGCThreads                            = 2                                         {product} {ergonomic}
     uint G1ConcRefinementThreads                  = 8                                         {product} {ergonomic}
   size_t G1HeapRegionSize                         = 1048576                                   {product} {ergonomic}
    uintx GCDrainStackTargetSize                   = 64                                        {product} {ergonomic}
   size_t InitialHeapSize                          = 104857600                                 {product} {ergonomic}
   size_t MarkStackSize                            = 4194304                                   {product} {ergonomic}
   size_t MaxHeapSize                              = 1654652928                                {product} {ergonomic}
   size_t MinHeapDeltaBytes                        = 1048576                                   {product} {ergonomic}
    uintx NonNMethodCodeHeapSize                   = 5836300                                {pd product} {ergonomic}
    uintx NonProfiledCodeHeapSize                  = 122910970                              {pd product} {ergonomic}
    uintx ProfiledCodeHeapSize                     = 122910970                              {pd product} {ergonomic}
    uintx ReservedCodeCacheSize                    = 251658240                              {pd product} {ergonomic}
     bool SegmentedCodeCache                       = true                                      {product} {ergonomic}
     bool UseCompressedClassPointers               = true                                 {lp64_product} {ergonomic}
     bool UseCompressedOops                        = true                                 {lp64_product} {ergonomic}
     bool UseG1GC                                  = true                                      {product} {ergonomic}
     bool UseLargePagesIndividualAllocation        = false                                  {pd product} {ergonomic}

Logging:
Log output configuration:
 #0: stdout all=warning uptime,level,tags
 #1: stderr all=off uptime,level,tags

Environment Variables:
JAVA_HOME=C:\Program Files\Unity\Hub\Editor\2022.2.4f1\Editor\Data\PlaybackEngines\AndroidPlayer\OpenJDK
JAVA_TOOL_OPTIONS=-Dfile.encoding=UTF-8
CLASSPATH=C:\Program Files\Unity\Hub\Editor\2022.2.4f1\Editor\Data\PlaybackEngines\AndroidPlayer\SDK\cmdline-tools\6.0\bin\..\lib\sdkmanager-classpath.jar
PATH=C:\Program Files\National Instruments\Shared\OpenVINO\;C:\Program Files\Microsoft MPI\Bin\;C:\product\11.2.0\dbhome_1\bin;C:\Program Files\Common Files\Oracle\Java\javapath;C:\Oracle\Middleware\Oracle_FRHome1\bin;D:\app\JC.TECH\product\11.2.0\dbhome_1\bin;C:\Program Files (x86)\Common Files\Oracle\Java\javapath;C:\Windows\system32;C:\Windows;C:\Windows\System32\Wbem;C:\Windows\System32\WindowsPowerShell\v1.0\;C:\Windows\System32\OpenSSH\;C:\Program Files\Microsoft SQL Server\130\Tools\Binn\;C:\Program Files (x86)\NVIDIA Corporation\PhysX\Common;C:\Program Files\NVIDIA Corporation\NVIDIA NvDLISR;C:\Program Files\Java\jdk-15.0.1\bin;C:\Oracle\Middleware\Oracle_FRHome1\opmn\bin;C:\Oracle\Middleware\Oracle_FRHome1\opmn\lib;C:\Oracle\Middleware\Oracle_FRHome1\perl\bin;C:\Program Files\Git\cmd;C:\Program Files\dotnet\;C:\Program Files\Microsoft SQL Server\Client SDK\ODBC\170\Tools\Binn\;C:\flutter\flutter\bin;C:\Program Files\nodejs\;C:\Program Files (x86)\scala\bin;C:\Program Files\Git LFS;C:\Users\JC.TECH\AppData\Local\Microsoft\WindowsApps;C:\Program Files\JetBrains\PyCharm 2021.1\bin;;C:\Users\JC.TECH\.dotnet\tools;C:\flutter\flutter\bin;C:\Users\JC.TECH\AppData\Roaming\npm;C:\Users\JC.TECH\AppData\Local\Programs\Microsoft VS Code\bin;C:\Program Files\JetBrains\IntelliJ IDEA Community Edition 2022.3.3\bin;;C:\Users\JC.TECH\AppData\Local\GitHubDesktop\bin
USERNAME=JC.TECH
LD_LIBRARY_PATH=C:\Oracle\Middleware\Oracle_FRHome1\lib
OS=Windows_NT
PROCESSOR_IDENTIFIER=Intel64 Family 6 Model 158 Stepping 10, GenuineIntel



---------------  S Y S T E M  ---------------

OS: Windows 10 , 64 bit Build 18362 (10.0.18362.1350)
OS uptime: 0 days 8:59 hours

CPU:total 8 (initial active 8) (4 cores per cpu, 2 threads per core) family 6 model 158 stepping 10 microcode 0xde, cmov, cx8, fxsr, mmx, sse, sse2, sse3, ssse3, sse4.1, sse4.2, popcnt, avx, avx2, aes, clmul, erms, 3dnowpref, lzcnt, ht, tsc, tscinvbit, bmi1, bmi2, adx, fma

Memory: 4k page, system-wide physical 6304M (919M free)
TotalPageFile size 18392M (AvailPageFile size 68M)
current process WorkingSet (physical memory assigned to process): 9M, peak: 9M
current process commit charge ("private bytes"): 60M, peak: 160M

vm_info: OpenJDK 64-Bit Server VM (11.0.14.1+1) for windows-amd64 JRE (11.0.14.1+1), built on Feb  9 2022 01:48:27 by "" with unknown MS VC++:1916

END.
